0 info it worked if it ends with ok
1 verbose cli [ 'node', '/usr/local/bin/npm', 'run', 'test' ]
2 info using npm@1.4.28
3 info using node@v0.10.35
4 verbose run-script [ 'pretest', 'test', 'posttest' ]
5 info pretest ryanyogan-blog@0.0.1
6 info test ryanyogan-blog@0.0.1
7 verbose unsafe-perm in lifecycle true
8 info ryanyogan-blog@0.0.1 Failed to exec test script
9 error ryanyogan-blog@0.0.1 test: `mocha ./test/test.js`
9 error Exit status 1
10 error Failed at the ryanyogan-blog@0.0.1 test script.
10 error This is most likely a problem with the ryanyogan-blog package,
10 error not with npm itself.
10 error Tell the author that this fails on your system:
10 error     mocha ./test/test.js
10 error You can get their info via:
10 error     npm owner ls ryanyogan-blog
10 error There is likely additional logging output above.
11 error System Darwin 14.0.0
12 error command "node" "/usr/local/bin/npm" "run" "test"
13 error cwd /Users/ryanyogan/projects/blog
14 error node -v v0.10.35
15 error npm -v 1.4.28
16 error code ELIFECYCLE
17 verbose exit [ 1, true ]
